2016/03/29 15:21:46 [error] [php] Undefined index: 30 (/data/www/wm/waimaixia/protected/modules/admin/views/finance/menudetail.php:45)
Stack trace:
#0 /data/www/wm/waimaixia/framework/web/CController.php(869): FinanceController->renderFile()
#1 /data/www/wm/waimaixia/framework/web/CController.php(782): FinanceController->renderPartial()
#2 /data/www/wm/waimaixia/protected/modules/admin/controllers/FinanceController.php(710): FinanceController->render()
#3 /data/www/wm/waimaixia/framework/web/actions/CInlineAction.php(49): FinanceController->actionMenudetail()
#4 /data/www/wm/waimaixia/framework/web/CController.php(308): CInlineAction->runWithParams()
#5 /data/www/wm/waimaixia/framework/web/filters/CFilterChain.php(133): FinanceController->runAction()
#6 /data/www/wm/waimaixia/framework/web/filters/CFilter.php(40): CFilterChain->run()
#7 /data/www/wm/waimaixia/protected/modules/rights/components/RController.php(36): RightsFilter->filter()
#8 /data/www/wm/waimaixia/framework/web/filters/CInlineFilter.php(58): FinanceController->filterRights()
#9 /data/www/wm/waimaixia/framework/web/filters/CFilterChain.php(130): CInlineFilter->filter()
#10 /data/www/wm/waimaixia/framework/web/CController.php(291): CFilterChain->run()
#11 /data/www/wm/waimaixia/framework/web/CController.php(265): FinanceController->runActionWithFilters()
#12 /data/www/wm/waimaixia/framework/web/CWebApplication.php(282): FinanceController->run()
#13 /data/www/wm/waimaixia/framework/web/CWebApplication.php(141): CWebApplication->runController()
#14 /data/www/wm/waimaixia/framework/base/CApplication.php(180): CWebApplication->processRequest()
#15 /data/www/wm/waimaixia/index.php(12): CWebApplication->run()
REQUEST_URI=/admin/finance/menudetail.html
in /data/www/wm/waimaixia/protected/modules/admin/views/finance/menudetail.php (45)
in /data/www/wm/waimaixia/protected/modules/admin/controllers/FinanceController.php (710)
in /data/www/wm/waimaixia/protected/modules/rights/components/RController.php (36)
2016/03/29 15:59:58 [error] [php] Undefined offset: 1 (/data/www/wm/waimaixia/protected/modules/admin/controllers/FinanceController.php:98)
Stack trace:
#0 /data/www/wm/waimaixia/framework/web/filters/CFilterChain.php(133): FinanceController->runAction()
#1 /data/www/wm/waimaixia/framework/web/filters/CFilter.php(40): CFilterChain->run()
#2 /data/www/wm/waimaixia/protected/modules/rights/components/RController.php(36): RightsFilter->filter()
#3 /data/www/wm/waimaixia/framework/web/filters/CInlineFilter.php(58): FinanceController->filterRights()
#4 /data/www/wm/waimaixia/framework/web/filters/CFilterChain.php(130): CInlineFilter->filter()
#5 /data/www/wm/waimaixia/framework/web/CController.php(291): CFilterChain->run()
#6 /data/www/wm/waimaixia/framework/web/CController.php(265): FinanceController->runActionWithFilters()
#7 /data/www/wm/waimaixia/framework/web/CWebApplication.php(282): FinanceController->run()
#8 /data/www/wm/waimaixia/framework/web/CWebApplication.php(141): CWebApplication->runController()
#9 /data/www/wm/waimaixia/framework/base/CApplication.php(180): CWebApplication->processRequest()
#10 /data/www/wm/waimaixia/index.php(12): CWebApplication->run()
REQUEST_URI=/admin/finance/menu.html
in /data/www/wm/waimaixia/protected/modules/admin/controllers/FinanceController.php (98)
in /data/www/wm/waimaixia/protected/modules/rights/components/RController.php (36)
in /data/www/wm/waimaixia/index.php (12)
2016/03/29 16:04:35 [error] [system.db.CDbCommand] CDbCommand::fetchAll() failed: SQLSTATE[42000]: Syntax error or access violation: 1064 You have an error in your SQL syntax; check the manual that corresponds to your MySQL server version for the right syntax to use near 'mc.id=2 and DATE_FORMAT(o.req_date,'%Y-%m')='2016-03' group by o.req_date order ' at line 1. The SQL statement executed was: select mc.id as cid,SUM(quantity) as allcount,o.req_date,SUM(case o.pay_status when 1 then quantity else 0 end) as paycount from order_detail od left join `order` o on o.id=od.order_id left join menu m on od.gid=m.id left join menu_category mc on m.cid=mc.id where o.pay_status=1 and (o.order_status=1 or o.order_status=4) mc.id=2 and DATE_FORMAT(o.req_date,'%Y-%m')='2016-03' group by o.req_date order by o.req_date desc.
in /data/www/wm/waimaixia/protected/modules/admin/controllers/FinanceController.php (82)
in /data/www/wm/waimaixia/protected/modules/rights/components/RController.php (36)
in /data/www/wm/waimaixia/index.php (12)
2016/03/29 16:04:35 [error] [exception.CDbException] exception 'CDbException' with message 'CDbCommand 无法执行 SQL 语句: SQLSTATE[42000]: Syntax error or access violation: 1064 You have an error in your SQL syntax; check the manual that corresponds to your MySQL server version for the right syntax to use near 'mc.id=2 and DATE_FORMAT(o.req_date,'%Y-%m')='2016-03' group by o.req_date order ' at line 1. The SQL statement executed was: select mc.id as cid,SUM(quantity) as allcount,o.req_date,SUM(case o.pay_status when 1 then quantity else 0 end) as paycount from order_detail od left join `order` o on o.id=od.order_id left join menu m on od.gid=m.id left join menu_category mc on m.cid=mc.id where o.pay_status=1 and (o.order_status=1 or o.order_status=4) mc.id=2 and DATE_FORMAT(o.req_date,'%Y-%m')='2016-03' group by o.req_date order by o.req_date desc' in /data/www/wm/waimaixia/framework/db/CDbCommand.php:543
Stack trace:
#0 /data/www/wm/waimaixia/framework/db/CDbCommand.php(396): CDbCommand->queryInternal('fetchAll', Array, Array)
#1 /data/www/wm/waimaixia/protected/modules/admin/controllers/FinanceController.php(82): CDbCommand->queryAll()
#2 /data/www/wm/waimaixia/framework/web/actions/CInlineAction.php(49): FinanceController->actionMenu()
#3 /data/www/wm/waimaixia/framework/web/CController.php(308): CInlineAction->runWithParams(Array)
#4 /data/www/wm/waimaixia/framework/web/filters/CFilterChain.php(133): CController->runAction(Object(CInlineAction))
#5 /data/www/wm/waimaixia/framework/web/filters/CFilter.php(40): CFilterChain->run()
#6 /data/www/wm/waimaixia/protected/modules/rights/components/RController.php(36): CFilter->filter(Object(CFilterChain))
#7 /data/www/wm/waimaixia/framework/web/filters/CInlineFilter.php(58): RController->filterRights(Object(CFilterChain))
#8 /data/www/wm/waimaixia/framework/web/filters/CFilterChain.php(130): CInlineFilter->filter(Object(CFilterChain))
#9 /data/www/wm/waimaixia/framework/web/CController.php(291): CFilterChain->run()
#10 /data/www/wm/waimaixia/framework/web/CController.php(265): CController->runActionWithFilters(Object(CInlineAction), Array)
#11 /data/www/wm/waimaixia/framework/web/CWebApplication.php(282): CController->run('menu')
#12 /data/www/wm/waimaixia/framework/web/CWebApplication.php(141): CWebApplication->runController('admin/finance/m...')
#13 /data/www/wm/waimaixia/framework/base/CApplication.php(180): CWebApplication->processRequest()
#14 /data/www/wm/waimaixia/index.php(12): CApplication->run()
#15 {main}
REQUEST_URI=/admin/finance/menu.html
HTTP_REFERER=http://wm.ittime.cc/admin/finance/index.html
---
2016/03/29 16:08:06 [error] [system.db.CDbCommand] CDbCommand::fetchColumn() failed: SQLSTATE[42S02]: Base table or view not found: 1146 Table 'wmx.authitem' doesn't exist. The SQL statement executed was: select lx from authitem where type=:type and name=:name.
in /data/www/wm/waimaixia/protected/modules/rights/controllers/AuthItemController.php (315)
in /data/www/wm/waimaixia/index.php (12)
2016/03/29 16:08:06 [error] [exception.CDbException] exception 'CDbException' with message 'CDbCommand 无法执行 SQL 语句: SQLSTATE[42S02]: Base table or view not found: 1146 Table 'wmx.authitem' doesn't exist. The SQL statement executed was: select lx from authitem where type=:type and name=:name' in /data/www/wm/waimaixia/framework/db/CDbCommand.php:543
Stack trace:
#0 /data/www/wm/waimaixia/framework/db/CDbCommand.php(433): CDbCommand->queryInternal('fetchColumn', 0, Array)
#1 /data/www/wm/waimaixia/protected/modules/rights/controllers/AuthItemController.php(315): CDbCommand->queryScalar()
#2 /data/www/wm/waimaixia/framework/web/actions/CInlineAction.php(49): AuthItemController->actionUpdate()
#3 /data/www/wm/waimaixia/framework/web/CController.php(308): CInlineAction->runWithParams(Array)
#4 /data/www/wm/waimaixia/framework/web/filters/CFilterChain.php(133): CController->runAction(Object(CInlineAction))
#5 /data/www/wm/waimaixia/framework/web/filters/CFilter.php(40): CFilterChain->run()
#6 /data/www/wm/waimaixia/framework/web/CController.php(1145): CFilter->filter(Object(CFilterChain))
#7 /data/www/wm/waimaixia/framework/web/filters/CInlineFilter.php(58): CController->filterAccessControl(Object(CFilterChain))
#8 /data/www/wm/waimaixia/framework/web/filters/CFilterChain.php(130): CInlineFilter->filter(Object(CFilterChain))
#9 /data/www/wm/waimaixia/framework/web/CController.php(291): CFilterChain->run()
#10 /data/www/wm/waimaixia/framework/web/CController.php(265): CController->runActionWithFilters(Object(CInlineAction), Array)
#11 /data/www/wm/waimaixia/framework/web/CWebApplication.php(282): CController->run('update')
#12 /data/www/wm/waimaixia/framework/web/CWebApplication.php(141): CWebApplication->runController('rights/authItem...')
#13 /data/www/wm/waimaixia/framework/base/CApplication.php(180): CWebApplication->processRequest()
#14 /data/www/wm/waimaixia/index.php(12): CApplication->run()
#15 {main}
REQUEST_URI=/rights/authItem/update/name/Admin.html
HTTP_REFERER=http://wm.ittime.cc/rights/authItem/roles.html
---
2016/03/29 16:09:28 [error] [system.db.CDbCommand] CDbCommand::fetchColumn() failed: SQLSTATE[42S02]: Base table or view not found: 1146 Table 'wmx.authitem' doesn't exist. The SQL statement executed was: select lx from authitem where type=:type and name=:name.
in /data/www/wm/waimaixia/protected/modules/rights/controllers/AuthItemController.php (315)
in /data/www/wm/waimaixia/index.php (12)
2016/03/29 16:09:28 [error] [exception.CDbException] exception 'CDbException' with message 'CDbCommand 无法执行 SQL 语句: SQLSTATE[42S02]: Base table or view not found: 1146 Table 'wmx.authitem' doesn't exist. The SQL statement executed was: select lx from authitem where type=:type and name=:name' in /data/www/wm/waimaixia/framework/db/CDbCommand.php:543
Stack trace:
#0 /data/www/wm/waimaixia/framework/db/CDbCommand.php(433): CDbCommand->queryInternal('fetchColumn', 0, Array)
#1 /data/www/wm/waimaixia/protected/modules/rights/controllers/AuthItemController.php(315): CDbCommand->queryScalar()
#2 /data/www/wm/waimaixia/framework/web/actions/CInlineAction.php(49): AuthItemController->actionUpdate()
#3 /data/www/wm/waimaixia/framework/web/CController.php(308): CInlineAction->runWithParams(Array)
#4 /data/www/wm/waimaixia/framework/web/filters/CFilterChain.php(133): CController->runAction(Object(CInlineAction))
#5 /data/www/wm/waimaixia/framework/web/filters/CFilter.php(40): CFilterChain->run()
#6 /data/www/wm/waimaixia/framework/web/CController.php(1145): CFilter->filter(Object(CFilterChain))
#7 /data/www/wm/waimaixia/framework/web/filters/CInlineFilter.php(58): CController->filterAccessControl(Object(CFilterChain))
#8 /data/www/wm/waimaixia/framework/web/filters/CFilterChain.php(130): CInlineFilter->filter(Object(CFilterChain))
#9 /data/www/wm/waimaixia/framework/web/CController.php(291): CFilterChain->run()
#10 /data/www/wm/waimaixia/framework/web/CController.php(265): CController->runActionWithFilters(Object(CInlineAction), Array)
#11 /data/www/wm/waimaixia/framework/web/CWebApplication.php(282): CController->run('update')
#12 /data/www/wm/waimaixia/framework/web/CWebApplication.php(141): CWebApplication->runController('rights/authItem...')
#13 /data/www/wm/waimaixia/framework/base/CApplication.php(180): CWebApplication->processRequest()
#14 /data/www/wm/waimaixia/index.php(12): CApplication->run()
#15 {main}
REQUEST_URI=/rights/authItem/update/name/Admin.html
HTTP_REFERER=http://wm.ittime.cc/rights/authItem/roles.html
---
2016/03/29 16:11:40 [error] [system.db.CDbCommand] CDbCommand::fetchColumn() failed: SQLSTATE[42S02]: Base table or view not found: 1146 Table 'wmx.authitem' doesn't exist. The SQL statement executed was: select lx from authitem where type=:type and name=:name.
in /data/www/wm/waimaixia/protected/modules/rights/controllers/AuthItemController.php (315)
in /data/www/wm/waimaixia/index.php (12)
2016/03/29 16:11:40 [error] [exception.CDbException] exception 'CDbException' with message 'CDbCommand 无法执行 SQL 语句: SQLSTATE[42S02]: Base table or view not found: 1146 Table 'wmx.authitem' doesn't exist. The SQL statement executed was: select lx from authitem where type=:type and name=:name' in /data/www/wm/waimaixia/framework/db/CDbCommand.php:543
Stack trace:
#0 /data/www/wm/waimaixia/framework/db/CDbCommand.php(433): CDbCommand->queryInternal('fetchColumn', 0, Array)
#1 /data/www/wm/waimaixia/protected/modules/rights/controllers/AuthItemController.php(315): CDbCommand->queryScalar()
#2 /data/www/wm/waimaixia/framework/web/actions/CInlineAction.php(49): AuthItemController->actionUpdate()
#3 /data/www/wm/waimaixia/framework/web/CController.php(308): CInlineAction->runWithParams(Array)
#4 /data/www/wm/waimaixia/framework/web/filters/CFilterChain.php(133): CController->runAction(Object(CInlineAction))
#5 /data/www/wm/waimaixia/framework/web/filters/CFilter.php(40): CFilterChain->run()
#6 /data/www/wm/waimaixia/framework/web/CController.php(1145): CFilter->filter(Object(CFilterChain))
#7 /data/www/wm/waimaixia/framework/web/filters/CInlineFilter.php(58): CController->filterAccessControl(Object(CFilterChain))
#8 /data/www/wm/waimaixia/framework/web/filters/CFilterChain.php(130): CInlineFilter->filter(Object(CFilterChain))
#9 /data/www/wm/waimaixia/framework/web/CController.php(291): CFilterChain->run()
#10 /data/www/wm/waimaixia/framework/web/CController.php(265): CController->runActionWithFilters(Object(CInlineAction), Array)
#11 /data/www/wm/waimaixia/framework/web/CWebApplication.php(282): CController->run('update')
#12 /data/www/wm/waimaixia/framework/web/CWebApplication.php(141): CWebApplication->runController('rights/authItem...')
#13 /data/www/wm/waimaixia/framework/base/CApplication.php(180): CWebApplication->processRequest()
#14 /data/www/wm/waimaixia/index.php(12): CApplication->run()
#15 {main}
REQUEST_URI=/rights/authItem/update/name/Admin.html
HTTP_REFERER=http://wm.ittime.cc/rights/authItem/roles.html
---
2016/03/29 16:16:41 [error] [system.db.CDbCommand] CDbCommand::fetchColumn() failed: SQLSTATE[42S02]: Base table or view not found: 1146 Table 'wmx.authitem' doesn't exist. The SQL statement executed was: select lx from authitem where type=:type and name=:name.
in /data/www/wm/waimaixia/protected/modules/rights/controllers/AuthItemController.php (315)
in /data/www/wm/waimaixia/index.php (12)
2016/03/29 16:16:41 [error] [exception.CDbException] exception 'CDbException' with message 'CDbCommand 无法执行 SQL 语句: SQLSTATE[42S02]: Base table or view not found: 1146 Table 'wmx.authitem' doesn't exist. The SQL statement executed was: select lx from authitem where type=:type and name=:name' in /data/www/wm/waimaixia/framework/db/CDbCommand.php:543
Stack trace:
#0 /data/www/wm/waimaixia/framework/db/CDbCommand.php(433): CDbCommand->queryInternal('fetchColumn', 0, Array)
#1 /data/www/wm/waimaixia/protected/modules/rights/controllers/AuthItemController.php(315): CDbCommand->queryScalar()
#2 /data/www/wm/waimaixia/framework/web/actions/CInlineAction.php(49): AuthItemController->actionUpdate()
#3 /data/www/wm/waimaixia/framework/web/CController.php(308): CInlineAction->runWithParams(Array)
#4 /data/www/wm/waimaixia/framework/web/filters/CFilterChain.php(133): CController->runAction(Object(CInlineAction))
#5 /data/www/wm/waimaixia/framework/web/filters/CFilter.php(40): CFilterChain->run()
#6 /data/www/wm/waimaixia/framework/web/CController.php(1145): CFilter->filter(Object(CFilterChain))
#7 /data/www/wm/waimaixia/framework/web/filters/CInlineFilter.php(58): CController->filterAccessControl(Object(CFilterChain))
#8 /data/www/wm/waimaixia/framework/web/filters/CFilterChain.php(130): CInlineFilter->filter(Object(CFilterChain))
#9 /data/www/wm/waimaixia/framework/web/CController.php(291): CFilterChain->run()
#10 /data/www/wm/waimaixia/framework/web/CController.php(265): CController->runActionWithFilters(Object(CInlineAction), Array)
#11 /data/www/wm/waimaixia/framework/web/CWebApplication.php(282): CController->run('update')
#12 /data/www/wm/waimaixia/framework/web/CWebApplication.php(141): CWebApplication->runController('rights/authItem...')
#13 /data/www/wm/waimaixia/framework/base/CApplication.php(180): CWebApplication->processRequest()
#14 /data/www/wm/waimaixia/index.php(12): CApplication->run()
#15 {main}
REQUEST_URI=/rights/authItem/update/name/Admin.html
HTTP_REFERER=http://wm.ittime.cc/rights/authItem/roles.html
---
2016/03/29 16:16:58 [error] [system.db.CDbCommand] CDbCommand::fetchColumn() failed: SQLSTATE[42S02]: Base table or view not found: 1146 Table 'wmx.authitem' doesn't exist. The SQL statement executed was: select lx from authitem where type=:type and name=:name.
in /data/www/wm/waimaixia/protected/modules/rights/controllers/AuthItemController.php (315)
in /data/www/wm/waimaixia/index.php (12)
2016/03/29 16:16:58 [error] [exception.CDbException] exception 'CDbException' with message 'CDbCommand 无法执行 SQL 语句: SQLSTATE[42S02]: Base table or view not found: 1146 Table 'wmx.authitem' doesn't exist. The SQL statement executed was: select lx from authitem where type=:type and name=:name' in /data/www/wm/waimaixia/framework/db/CDbCommand.php:543
Stack trace:
#0 /data/www/wm/waimaixia/framework/db/CDbCommand.php(433): CDbCommand->queryInternal('fetchColumn', 0, Array)
#1 /data/www/wm/waimaixia/protected/modules/rights/controllers/AuthItemController.php(315): CDbCommand->queryScalar()
#2 /data/www/wm/waimaixia/framework/web/actions/CInlineAction.php(49): AuthItemController->actionUpdate()
#3 /data/www/wm/waimaixia/framework/web/CController.php(308): CInlineAction->runWithParams(Array)
#4 /data/www/wm/waimaixia/framework/web/filters/CFilterChain.php(133): CController->runAction(Object(CInlineAction))
#5 /data/www/wm/waimaixia/framework/web/filters/CFilter.php(40): CFilterChain->run()
#6 /data/www/wm/waimaixia/framework/web/CController.php(1145): CFilter->filter(Object(CFilterChain))
#7 /data/www/wm/waimaixia/framework/web/filters/CInlineFilter.php(58): CController->filterAccessControl(Object(CFilterChain))
#8 /data/www/wm/waimaixia/framework/web/filters/CFilterChain.php(130): CInlineFilter->filter(Object(CFilterChain))
#9 /data/www/wm/waimaixia/framework/web/CController.php(291): CFilterChain->run()
#10 /data/www/wm/waimaixia/framework/web/CController.php(265): CController->runActionWithFilters(Object(CInlineAction), Array)
#11 /data/www/wm/waimaixia/framework/web/CWebApplication.php(282): CController->run('update')
#12 /data/www/wm/waimaixia/framework/web/CWebApplication.php(141): CWebApplication->runController('rights/authItem...')
#13 /data/www/wm/waimaixia/framework/base/CApplication.php(180): CWebApplication->processRequest()
#14 /data/www/wm/waimaixia/index.php(12): CApplication->run()
#15 {main}
REQUEST_URI=/rights/authItem/update/name/%25E4%25B8%2580%25E7%25BA%25A7%25E7%25AE%25A1%25E7%2590%2586%25E5%2591%2598.html
HTTP_REFERER=http://wm.ittime.cc/rights/authItem/roles.html
---
2016/03/29 16:17:09 [error] [system.db.CDbCommand] CDbCommand::fetchColumn() failed: SQLSTATE[42S02]: Base table or view not found: 1146 Table 'wmx.authitem' doesn't exist. The SQL statement executed was: select lx from authitem where type=:type and name=:name.
in /data/www/wm/waimaixia/protected/modules/rights/controllers/AuthItemController.php (315)
in /data/www/wm/waimaixia/index.php (12)
2016/03/29 16:17:09 [error] [exception.CDbException] exception 'CDbException' with message 'CDbCommand 无法执行 SQL 语句: SQLSTATE[42S02]: Base table or view not found: 1146 Table 'wmx.authitem' doesn't exist. The SQL statement executed was: select lx from authitem where type=:type and name=:name' in /data/www/wm/waimaixia/framework/db/CDbCommand.php:543
Stack trace:
#0 /data/www/wm/waimaixia/framework/db/CDbCommand.php(433): CDbCommand->queryInternal('fetchColumn', 0, Array)
#1 /data/www/wm/waimaixia/protected/modules/rights/controllers/AuthItemController.php(315): CDbCommand->queryScalar()
#2 /data/www/wm/waimaixia/framework/web/actions/CInlineAction.php(49): AuthItemController->actionUpdate()
#3 /data/www/wm/waimaixia/framework/web/CController.php(308): CInlineAction->runWithParams(Array)
#4 /data/www/wm/waimaixia/framework/web/filters/CFilterChain.php(133): CController->runAction(Object(CInlineAction))
#5 /data/www/wm/waimaixia/framework/web/filters/CFilter.php(40): CFilterChain->run()
#6 /data/www/wm/waimaixia/framework/web/CController.php(1145): CFilter->filter(Object(CFilterChain))
#7 /data/www/wm/waimaixia/framework/web/filters/CInlineFilter.php(58): CController->filterAccessControl(Object(CFilterChain))
#8 /data/www/wm/waimaixia/framework/web/filters/CFilterChain.php(130): CInlineFilter->filter(Object(CFilterChain))
#9 /data/www/wm/waimaixia/framework/web/CController.php(291): CFilterChain->run()
#10 /data/www/wm/waimaixia/framework/web/CController.php(265): CController->runActionWithFilters(Object(CInlineAction), Array)
#11 /data/www/wm/waimaixia/framework/web/CWebApplication.php(282): CController->run('update')
#12 /data/www/wm/waimaixia/framework/web/CWebApplication.php(141): CWebApplication->runController('rights/authItem...')
#13 /data/www/wm/waimaixia/framework/base/CApplication.php(180): CWebApplication->processRequest()
#14 /data/www/wm/waimaixia/index.php(12): CApplication->run()
#15 {main}
REQUEST_URI=/rights/authItem/update/name/%25E4%25B8%2580%25E7%25BA%25A7%25E7%25AE%25A1%25E7%2590%2586%25E5%2591%2598.html
HTTP_REFERER=http://wm.ittime.cc/rights/authItem/roles.html
---
2016/03/29 16:28:44 [error] [php] include(MWebUser.php) [<a href='function.include'>function.include</a>]: failed to open stream: No such file or directory (/data/www/wm/waimaixia/framework/YiiBase.php:427)
Stack trace:
#0 /data/www/wm/waimaixia/framework/YiiBase.php(196): import()
#1 /data/www/wm/waimaixia/framework/base/CModule.php(386): createComponent()
#2 /data/www/wm/waimaixia/framework/base/CModule.php(103): CWebApplication->getComponent()
#3 /data/www/wm/waimaixia/protected/modules/admin/components/AdminController.php(9): CWebApplication->__get()
#4 /data/www/wm/waimaixia/framework/web/CWebApplication.php(281): DefaultController->init()
#5 /data/www/wm/waimaixia/framework/web/CWebApplication.php(141): CWebApplication->runController()
#6 /data/www/wm/waimaixia/framework/base/CApplication.php(180): CWebApplication->processRequest()
#7 /data/www/wm/waimaixia/index.php(12): CWebApplication->run()
REQUEST_URI=/admin/default/index.html
in /data/www/wm/waimaixia/protected/modules/admin/components/AdminController.php (9)
in /data/www/wm/waimaixia/index.php (12)
2016/03/29 16:28:52 [error] [php] include(MWebUser.php) [<a href='function.include'>function.include</a>]: failed to open stream: No such file or directory (/data/www/wm/waimaixia/framework/YiiBase.php:427)
Stack trace:
#0 /data/www/wm/waimaixia/framework/YiiBase.php(196): import()
#1 /data/www/wm/waimaixia/framework/base/CModule.php(386): createComponent()
#2 /data/www/wm/waimaixia/framework/base/CModule.php(103): CWebApplication->getComponent()
#3 /data/www/wm/waimaixia/protected/modules/admin/components/AdminController.php(9): CWebApplication->__get()
#4 /data/www/wm/waimaixia/framework/web/CWebApplication.php(281): DefaultController->init()
#5 /data/www/wm/waimaixia/framework/web/CWebApplication.php(141): CWebApplication->runController()
#6 /data/www/wm/waimaixia/framework/base/CApplication.php(180): CWebApplication->processRequest()
#7 /data/www/wm/waimaixia/index.php(12): CWebApplication->run()
REQUEST_URI=/admin/default/index.html
in /data/www/wm/waimaixia/protected/modules/admin/components/AdminController.php (9)
in /data/www/wm/waimaixia/index.php (12)
2016/03/29 16:30:31 [error] [exception.CException] exception 'CException' with message '属性 "CWebApplication.loginUrl" 未被定义.' in /data/www/wm/waimaixia/framework/base/CComponent.php:130
Stack trace:
#0 /data/www/wm/waimaixia/framework/base/CModule.php(105): CComponent->__get('loginUrl')
#1 /data/www/wm/waimaixia/protected/modules/admin/controllers/DefaultController.php(105): CModule->__get('loginUrl')
#2 /data/www/wm/waimaixia/framework/web/actions/CInlineAction.php(49): DefaultController->actionLogout()
#3 /data/www/wm/waimaixia/framework/web/CController.php(308): CInlineAction->runWithParams(Array)
#4 /data/www/wm/waimaixia/framework/web/filters/CFilterChain.php(133): CController->runAction(Object(CInlineAction))
#5 /data/www/wm/waimaixia/framework/web/filters/CFilter.php(40): CFilterChain->run()
#6 /data/www/wm/waimaixia/protected/modules/rights/components/RController.php(36): CFilter->filter(Object(CFilterChain))
#7 /data/www/wm/waimaixia/framework/web/filters/CInlineFilter.php(58): RController->filterRights(Object(CFilterChain))
#8 /data/www/wm/waimaixia/framework/web/filters/CFilterChain.php(130): CInlineFilter->filter(Object(CFilterChain))
#9 /data/www/wm/waimaixia/framework/web/CController.php(291): CFilterChain->run()
#10 /data/www/wm/waimaixia/framework/web/CController.php(265): CController->runActionWithFilters(Object(CInlineAction), Array)
#11 /data/www/wm/waimaixia/framework/web/CWebApplication.php(282): CController->run('logout')
#12 /data/www/wm/waimaixia/framework/web/CWebApplication.php(141): CWebApplication->runController('admin/default/l...')
#13 /data/www/wm/waimaixia/framework/base/CApplication.php(180): CWebApplication->processRequest()
#14 /data/www/wm/waimaixia/index.php(12): CApplication->run()
#15 {main}
REQUEST_URI=/admin/default/logout.html
HTTP_REFERER=http://wm.ittime.cc/admin/default/index.html
---
2016/03/29 16:35:38 [error] [php] preg_match() [<a href='function.preg-match'>function.preg-match</a>]: Compilation failed: missing ) at offset 19 (/data/www/wm/waimaixia/protected/modules/rights/components/RAuthorizer.php:449)
Stack trace:
#0 /data/www/wm/waimaixia/protected/modules/rights/controllers/AuthItemController.php(326): RAuthorizer->updateAuthItem()
#1 /data/www/wm/waimaixia/framework/web/actions/CInlineAction.php(49): AuthItemController->actionUpdate()
#2 /data/www/wm/waimaixia/framework/web/CController.php(308): CInlineAction->runWithParams()
#3 /data/www/wm/waimaixia/framework/web/filters/CFilterChain.php(133): AuthItemController->runAction()
#4 /data/www/wm/waimaixia/framework/web/filters/CFilter.php(40): CFilterChain->run()
#5 /data/www/wm/waimaixia/framework/web/CController.php(1145): CAccessControlFilter->filter()
#6 /data/www/wm/waimaixia/framework/web/filters/CInlineFilter.php(58): AuthItemController->filterAccessControl()
#7 /data/www/wm/waimaixia/framework/web/filters/CFilterChain.php(130): CInlineFilter->filter()
#8 /data/www/wm/waimaixia/framework/web/CController.php(291): CFilterChain->run()
#9 /data/www/wm/waimaixia/framework/web/CController.php(265): AuthItemController->runActionWithFilters()
#10 /data/www/wm/waimaixia/framework/web/CWebApplication.php(282): AuthItemController->run()
#11 /data/www/wm/waimaixia/framework/web/CWebApplication.php(141): CWebApplication->runController()
#12 /data/www/wm/waimaixia/framework/base/CApplication.php(180): CWebApplication->processRequest()
#13 /data/www/wm/waimaixia/index.php(12): CWebApplication->run()
REQUEST_URI=/rights/authItem/update/name/%25E4%25B8%2580%25E7%25BA%25A7%25E7%25AE%25A1%25E7%2590%2586%25E5%2591%2598.html
in /data/www/wm/waimaixia/protected/modules/rights/components/RAuthorizer.php (449)
in /data/www/wm/waimaixia/protected/modules/rights/components/RAuthorizer.php (83)
in /data/www/wm/waimaixia/protected/modules/rights/controllers/AuthItemController.php (326)
2016/03/29 16:36:36 [error] [php] preg_match() [<a href='function.preg-match'>function.preg-match</a>]: Compilation failed: missing ) at offset 19 (/data/www/wm/waimaixia/protected/modules/rights/components/RAuthorizer.php:449)
Stack trace:
#0 /data/www/wm/waimaixia/protected/modules/rights/controllers/AuthItemController.php(326): RAuthorizer->updateAuthItem()
#1 /data/www/wm/waimaixia/framework/web/actions/CInlineAction.php(49): AuthItemController->actionUpdate()
#2 /data/www/wm/waimaixia/framework/web/CController.php(308): CInlineAction->runWithParams()
#3 /data/www/wm/waimaixia/framework/web/filters/CFilterChain.php(133): AuthItemController->runAction()
#4 /data/www/wm/waimaixia/framework/web/filters/CFilter.php(40): CFilterChain->run()
#5 /data/www/wm/waimaixia/framework/web/CController.php(1145): CAccessControlFilter->filter()
#6 /data/www/wm/waimaixia/framework/web/filters/CInlineFilter.php(58): AuthItemController->filterAccessControl()
#7 /data/www/wm/waimaixia/framework/web/filters/CFilterChain.php(130): CInlineFilter->filter()
#8 /data/www/wm/waimaixia/framework/web/CController.php(291): CFilterChain->run()
#9 /data/www/wm/waimaixia/framework/web/CController.php(265): AuthItemController->runActionWithFilters()
#10 /data/www/wm/waimaixia/framework/web/CWebApplication.php(282): AuthItemController->run()
#11 /data/www/wm/waimaixia/framework/web/CWebApplication.php(141): CWebApplication->runController()
#12 /data/www/wm/waimaixia/framework/base/CApplication.php(180): CWebApplication->processRequest()
#13 /data/www/wm/waimaixia/index.php(12): CWebApplication->run()
REQUEST_URI=/rights/authItem/update/name/%25E4%25B8%2580%25E7%25BA%25A7%25E7%25AE%25A1%25E7%2590%2586%25E5%2591%2598.html
in /data/www/wm/waimaixia/protected/modules/rights/components/RAuthorizer.php (449)
in /data/www/wm/waimaixia/protected/modules/rights/components/RAuthorizer.php (83)
in /data/www/wm/waimaixia/protected/modules/rights/controllers/AuthItemController.php (326)
2016/03/29 16:38:02 [error] [php] preg_match() [<a href='function.preg-match'>function.preg-match</a>]: Compilation failed: missing ) at offset 19 (/data/www/wm/waimaixia/protected/modules/rights/components/RAuthorizer.php:449)
Stack trace:
#0 /data/www/wm/waimaixia/protected/modules/rights/controllers/AuthItemController.php(326): RAuthorizer->updateAuthItem()
#1 /data/www/wm/waimaixia/framework/web/actions/CInlineAction.php(49): AuthItemController->actionUpdate()
#2 /data/www/wm/waimaixia/framework/web/CController.php(308): CInlineAction->runWithParams()
#3 /data/www/wm/waimaixia/framework/web/filters/CFilterChain.php(133): AuthItemController->runAction()
#4 /data/www/wm/waimaixia/framework/web/filters/CFilter.php(40): CFilterChain->run()
#5 /data/www/wm/waimaixia/framework/web/CController.php(1145): CAccessControlFilter->filter()
#6 /data/www/wm/waimaixia/framework/web/filters/CInlineFilter.php(58): AuthItemController->filterAccessControl()
#7 /data/www/wm/waimaixia/framework/web/filters/CFilterChain.php(130): CInlineFilter->filter()
#8 /data/www/wm/waimaixia/framework/web/CController.php(291): CFilterChain->run()
#9 /data/www/wm/waimaixia/framework/web/CController.php(265): AuthItemController->runActionWithFilters()
#10 /data/www/wm/waimaixia/framework/web/CWebApplication.php(282): AuthItemController->run()
#11 /data/www/wm/waimaixia/framework/web/CWebApplication.php(141): CWebApplication->runController()
#12 /data/www/wm/waimaixia/framework/base/CApplication.php(180): CWebApplication->processRequest()
#13 /data/www/wm/waimaixia/index.php(12): CWebApplication->run()
REQUEST_URI=/rights/authItem/update/name/Admin.html
in /data/www/wm/waimaixia/protected/modules/rights/components/RAuthorizer.php (449)
in /data/www/wm/waimaixia/protected/modules/rights/components/RAuthorizer.php (83)
in /data/www/wm/waimaixia/protected/modules/rights/controllers/AuthItemController.php (326)
2016/03/29 16:38:56 [error] [php] preg_match() [<a href='function.preg-match'>function.preg-match</a>]: Compilation failed: missing ) at offset 19 (/data/www/wm/waimaixia/protected/modules/rights/components/RAuthorizer.php:449)
Stack trace:
#0 /data/www/wm/waimaixia/protected/modules/rights/controllers/AuthItemController.php(326): RAuthorizer->updateAuthItem()
#1 /data/www/wm/waimaixia/framework/web/actions/CInlineAction.php(49): AuthItemController->actionUpdate()
#2 /data/www/wm/waimaixia/framework/web/CController.php(308): CInlineAction->runWithParams()
#3 /data/www/wm/waimaixia/framework/web/filters/CFilterChain.php(133): AuthItemController->runAction()
#4 /data/www/wm/waimaixia/framework/web/filters/CFilter.php(40): CFilterChain->run()
#5 /data/www/wm/waimaixia/framework/web/CController.php(1145): CAccessControlFilter->filter()
#6 /data/www/wm/waimaixia/framework/web/filters/CInlineFilter.php(58): AuthItemController->filterAccessControl()
#7 /data/www/wm/waimaixia/framework/web/filters/CFilterChain.php(130): CInlineFilter->filter()
#8 /data/www/wm/waimaixia/framework/web/CController.php(291): CFilterChain->run()
#9 /data/www/wm/waimaixia/framework/web/CController.php(265): AuthItemController->runActionWithFilters()
#10 /data/www/wm/waimaixia/framework/web/CWebApplication.php(282): AuthItemController->run()
#11 /data/www/wm/waimaixia/framework/web/CWebApplication.php(141): CWebApplication->runController()
#12 /data/www/wm/waimaixia/framework/base/CApplication.php(180): CWebApplication->processRequest()
#13 /data/www/wm/waimaixia/index.php(12): CWebApplication->run()
REQUEST_URI=/rights/authItem/update/name/Admin.Default.%252A.html
in /data/www/wm/waimaixia/protected/modules/rights/components/RAuthorizer.php (449)
in /data/www/wm/waimaixia/protected/modules/rights/components/RAuthorizer.php (83)
in /data/www/wm/waimaixia/protected/modules/rights/controllers/AuthItemController.php (326)
2016/03/29 16:39:12 [error] [php] preg_match() [<a href='function.preg-match'>function.preg-match</a>]: Compilation failed: missing ) at offset 19 (/data/www/wm/waimaixia/protected/modules/rights/components/RAuthorizer.php:449)
Stack trace:
#0 /data/www/wm/waimaixia/protected/modules/rights/controllers/AuthItemController.php(326): RAuthorizer->updateAuthItem()
#1 /data/www/wm/waimaixia/framework/web/actions/CInlineAction.php(49): AuthItemController->actionUpdate()
#2 /data/www/wm/waimaixia/framework/web/CController.php(308): CInlineAction->runWithParams()
#3 /data/www/wm/waimaixia/framework/web/filters/CFilterChain.php(133): AuthItemController->runAction()
#4 /data/www/wm/waimaixia/framework/web/filters/CFilter.php(40): CFilterChain->run()
#5 /data/www/wm/waimaixia/framework/web/CController.php(1145): CAccessControlFilter->filter()
#6 /data/www/wm/waimaixia/framework/web/filters/CInlineFilter.php(58): AuthItemController->filterAccessControl()
#7 /data/www/wm/waimaixia/framework/web/filters/CFilterChain.php(130): CInlineFilter->filter()
#8 /data/www/wm/waimaixia/framework/web/CController.php(291): CFilterChain->run()
#9 /data/www/wm/waimaixia/framework/web/CController.php(265): AuthItemController->runActionWithFilters()
#10 /data/www/wm/waimaixia/framework/web/CWebApplication.php(282): AuthItemController->run()
#11 /data/www/wm/waimaixia/framework/web/CWebApplication.php(141): CWebApplication->runController()
#12 /data/www/wm/waimaixia/framework/base/CApplication.php(180): CWebApplication->processRequest()
#13 /data/www/wm/waimaixia/index.php(12): CWebApplication->run()
REQUEST_URI=/rights/authItem/update/name/Admin.Order.%252A.html
in /data/www/wm/waimaixia/protected/modules/rights/components/RAuthorizer.php (449)
in /data/www/wm/waimaixia/protected/modules/rights/components/RAuthorizer.php (83)
in /data/www/wm/waimaixia/protected/modules/rights/controllers/AuthItemController.php (326)
2016/03/29 16:39:42 [error] [php] preg_match() [<a href='function.preg-match'>function.preg-match</a>]: Compilation failed: missing ) at offset 19 (/data/www/wm/waimaixia/protected/modules/rights/components/RAuthorizer.php:449)
Stack trace:
#0 /data/www/wm/waimaixia/protected/modules/rights/controllers/AuthItemController.php(326): RAuthorizer->updateAuthItem()
#1 /data/www/wm/waimaixia/framework/web/actions/CInlineAction.php(49): AuthItemController->actionUpdate()
#2 /data/www/wm/waimaixia/framework/web/CController.php(308): CInlineAction->runWithParams()
#3 /data/www/wm/waimaixia/framework/web/filters/CFilterChain.php(133): AuthItemController->runAction()
#4 /data/www/wm/waimaixia/framework/web/filters/CFilter.php(40): CFilterChain->run()
#5 /data/www/wm/waimaixia/framework/web/CController.php(1145): CAccessControlFilter->filter()
#6 /data/www/wm/waimaixia/framework/web/filters/CInlineFilter.php(58): AuthItemController->filterAccessControl()
#7 /data/www/wm/waimaixia/framework/web/filters/CFilterChain.php(130): CInlineFilter->filter()
#8 /data/www/wm/waimaixia/framework/web/CController.php(291): CFilterChain->run()
#9 /data/www/wm/waimaixia/framework/web/CController.php(265): AuthItemController->runActionWithFilters()
#10 /data/www/wm/waimaixia/framework/web/CWebApplication.php(282): AuthItemController->run()
#11 /data/www/wm/waimaixia/framework/web/CWebApplication.php(141): CWebApplication->runController()
#12 /data/www/wm/waimaixia/framework/base/CApplication.php(180): CWebApplication->processRequest()
#13 /data/www/wm/waimaixia/index.php(12): CWebApplication->run()
REQUEST_URI=/rights/authItem/update/name/Admin.Order.%252A.html
in /data/www/wm/waimaixia/protected/modules/rights/components/RAuthorizer.php (449)
in /data/www/wm/waimaixia/protected/modules/rights/components/RAuthorizer.php (83)
in /data/www/wm/waimaixia/protected/modules/rights/controllers/AuthItemController.php (326)
2016/03/29 16:51:28 [error] [php] preg_match() [<a href='function.preg-match'>function.preg-match</a>]: Compilation failed: missing ) at offset 19 (/data/www/wm/waimaixia/protected/modules/rights/components/RAuthorizer.php:449)
Stack trace:
#0 /data/www/wm/waimaixia/protected/modules/rights/controllers/AuthItemController.php(326): RAuthorizer->updateAuthItem()
#1 /data/www/wm/waimaixia/framework/web/actions/CInlineAction.php(49): AuthItemController->actionUpdate()
#2 /data/www/wm/waimaixia/framework/web/CController.php(308): CInlineAction->runWithParams()
#3 /data/www/wm/waimaixia/framework/web/filters/CFilterChain.php(133): AuthItemController->runAction()
#4 /data/www/wm/waimaixia/framework/web/filters/CFilter.php(40): CFilterChain->run()
#5 /data/www/wm/waimaixia/framework/web/CController.php(1145): CAccessControlFilter->filter()
#6 /data/www/wm/waimaixia/framework/web/filters/CInlineFilter.php(58): AuthItemController->filterAccessControl()
#7 /data/www/wm/waimaixia/framework/web/filters/CFilterChain.php(130): CInlineFilter->filter()
#8 /data/www/wm/waimaixia/framework/web/CController.php(291): CFilterChain->run()
#9 /data/www/wm/waimaixia/framework/web/CController.php(265): AuthItemController->runActionWithFilters()
#10 /data/www/wm/waimaixia/framework/web/CWebApplication.php(282): AuthItemController->run()
#11 /data/www/wm/waimaixia/framework/web/CWebApplication.php(141): CWebApplication->runController()
#12 /data/www/wm/waimaixia/framework/base/CApplication.php(180): CWebApplication->processRequest()
#13 /data/www/wm/waimaixia/index.php(12): CWebApplication->run()
REQUEST_URI=/rights/authItem/update/name/Admin.Config.%252A.html
in /data/www/wm/waimaixia/protected/modules/rights/components/RAuthorizer.php (449)
in /data/www/wm/waimaixia/protected/modules/rights/components/RAuthorizer.php (83)
in /data/www/wm/waimaixia/protected/modules/rights/controllers/AuthItemController.php (326)
2016/03/29 16:51:53 [error] [php] preg_match() [<a href='function.preg-match'>function.preg-match</a>]: Compilation failed: missing ) at offset 19 (/data/www/wm/waimaixia/protected/modules/rights/components/RAuthorizer.php:449)
Stack trace:
#0 /data/www/wm/waimaixia/protected/modules/rights/controllers/AuthItemController.php(326): RAuthorizer->updateAuthItem()
#1 /data/www/wm/waimaixia/framework/web/actions/CInlineAction.php(49): AuthItemController->actionUpdate()
#2 /data/www/wm/waimaixia/framework/web/CController.php(308): CInlineAction->runWithParams()
#3 /data/www/wm/waimaixia/framework/web/filters/CFilterChain.php(133): AuthItemController->runAction()
#4 /data/www/wm/waimaixia/framework/web/filters/CFilter.php(40): CFilterChain->run()
#5 /data/www/wm/waimaixia/framework/web/CController.php(1145): CAccessControlFilter->filter()
#6 /data/www/wm/waimaixia/framework/web/filters/CInlineFilter.php(58): AuthItemController->filterAccessControl()
#7 /data/www/wm/waimaixia/framework/web/filters/CFilterChain.php(130): CInlineFilter->filter()
#8 /data/www/wm/waimaixia/framework/web/CController.php(291): CFilterChain->run()
#9 /data/www/wm/waimaixia/framework/web/CController.php(265): AuthItemController->runActionWithFilters()
#10 /data/www/wm/waimaixia/framework/web/CWebApplication.php(282): AuthItemController->run()
#11 /data/www/wm/waimaixia/framework/web/CWebApplication.php(141): CWebApplication->runController()
#12 /data/www/wm/waimaixia/framework/base/CApplication.php(180): CWebApplication->processRequest()
#13 /data/www/wm/waimaixia/index.php(12): CWebApplication->run()
REQUEST_URI=/rights/authItem/update/name/Admin.Finance.%252A.html
in /data/www/wm/waimaixia/protected/modules/rights/components/RAuthorizer.php (449)
in /data/www/wm/waimaixia/protected/modules/rights/components/RAuthorizer.php (83)
in /data/www/wm/waimaixia/protected/modules/rights/controllers/AuthItemController.php (326)
2016/03/29 16:53:07 [error] [php] preg_match() [<a href='function.preg-match'>function.preg-match</a>]: Compilation failed: missing ) at offset 19 (/data/www/wm/waimaixia/protected/modules/rights/components/RAuthorizer.php:449)
Stack trace:
#0 /data/www/wm/waimaixia/protected/modules/rights/controllers/AuthItemController.php(326): RAuthorizer->updateAuthItem()
#1 /data/www/wm/waimaixia/framework/web/actions/CInlineAction.php(49): AuthItemController->actionUpdate()
#2 /data/www/wm/waimaixia/framework/web/CController.php(308): CInlineAction->runWithParams()
#3 /data/www/wm/waimaixia/framework/web/filters/CFilterChain.php(133): AuthItemController->runAction()
#4 /data/www/wm/waimaixia/framework/web/filters/CFilter.php(40): CFilterChain->run()
#5 /data/www/wm/waimaixia/framework/web/CController.php(1145): CAccessControlFilter->filter()
#6 /data/www/wm/waimaixia/framework/web/filters/CInlineFilter.php(58): AuthItemController->filterAccessControl()
#7 /data/www/wm/waimaixia/framework/web/filters/CFilterChain.php(130): CInlineFilter->filter()
#8 /data/www/wm/waimaixia/framework/web/CController.php(291): CFilterChain->run()
#9 /data/www/wm/waimaixia/framework/web/CController.php(265): AuthItemController->runActionWithFilters()
#10 /data/www/wm/waimaixia/framework/web/CWebApplication.php(282): AuthItemController->run()
#11 /data/www/wm/waimaixia/framework/web/CWebApplication.php(141): CWebApplication->runController()
#12 /data/www/wm/waimaixia/framework/base/CApplication.php(180): CWebApplication->processRequest()
#13 /data/www/wm/waimaixia/index.php(12): CWebApplication->run()
REQUEST_URI=/rights/authItem/update/name/Admin.Power.%252A.html
in /data/www/wm/waimaixia/protected/modules/rights/components/RAuthorizer.php (449)
in /data/www/wm/waimaixia/protected/modules/rights/components/RAuthorizer.php (83)
in /data/www/wm/waimaixia/protected/modules/rights/controllers/AuthItemController.php (326)
2016/03/29 16:54:22 [error] [php] preg_match() [<a href='function.preg-match'>function.preg-match</a>]: Compilation failed: missing ) at offset 19 (/data/www/wm/waimaixia/protected/modules/rights/components/RAuthorizer.php:449)
Stack trace:
#0 /data/www/wm/waimaixia/protected/modules/rights/controllers/AuthItemController.php(326): RAuthorizer->updateAuthItem()
#1 /data/www/wm/waimaixia/framework/web/actions/CInlineAction.php(49): AuthItemController->actionUpdate()
#2 /data/www/wm/waimaixia/framework/web/CController.php(308): CInlineAction->runWithParams()
#3 /data/www/wm/waimaixia/framework/web/filters/CFilterChain.php(133): AuthItemController->runAction()
#4 /data/www/wm/waimaixia/framework/web/filters/CFilter.php(40): CFilterChain->run()
#5 /data/www/wm/waimaixia/framework/web/CController.php(1145): CAccessControlFilter->filter()
#6 /data/www/wm/waimaixia/framework/web/filters/CInlineFilter.php(58): AuthItemController->filterAccessControl()
#7 /data/www/wm/waimaixia/framework/web/filters/CFilterChain.php(130): CInlineFilter->filter()
#8 /data/www/wm/waimaixia/framework/web/CController.php(291): CFilterChain->run()
#9 /data/www/wm/waimaixia/framework/web/CController.php(265): AuthItemController->runActionWithFilters()
#10 /data/www/wm/waimaixia/framework/web/CWebApplication.php(282): AuthItemController->run()
#11 /data/www/wm/waimaixia/framework/web/CWebApplication.php(141): CWebApplication->runController()
#12 /data/www/wm/waimaixia/framework/base/CApplication.php(180): CWebApplication->processRequest()
#13 /data/www/wm/waimaixia/index.php(12): CWebApplication->run()
REQUEST_URI=/rights/authItem/update/name/Admin.Menu.%252A.html
in /data/www/wm/waimaixia/protected/modules/rights/components/RAuthorizer.php (449)
in /data/www/wm/waimaixia/protected/modules/rights/components/RAuthorizer.php (83)
in /data/www/wm/waimaixia/protected/modules/rights/controllers/AuthItemController.php (326)
2016/03/29 16:59:14 [error] [php] preg_match() [<a href='function.preg-match'>function.preg-match</a>]: Compilation failed: missing ) at offset 19 (/data/www/wm/waimaixia/protected/modules/rights/components/RAuthorizer.php:449)
Stack trace:
#0 /data/www/wm/waimaixia/protected/modules/rights/controllers/AuthItemController.php(326): RAuthorizer->updateAuthItem()
#1 /data/www/wm/waimaixia/framework/web/actions/CInlineAction.php(49): AuthItemController->actionUpdate()
#2 /data/www/wm/waimaixia/framework/web/CController.php(308): CInlineAction->runWithParams()
#3 /data/www/wm/waimaixia/framework/web/filters/CFilterChain.php(133): AuthItemController->runAction()
#4 /data/www/wm/waimaixia/framework/web/filters/CFilter.php(40): CFilterChain->run()
#5 /data/www/wm/waimaixia/framework/web/CController.php(1145): CAccessControlFilter->filter()
#6 /data/www/wm/waimaixia/framework/web/filters/CInlineFilter.php(58): AuthItemController->filterAccessControl()
#7 /data/www/wm/waimaixia/framework/web/filters/CFilterChain.php(130): CInlineFilter->filter()
#8 /data/www/wm/waimaixia/framework/web/CController.php(291): CFilterChain->run()
#9 /data/www/wm/waimaixia/framework/web/CController.php(265): AuthItemController->runActionWithFilters()
#10 /data/www/wm/waimaixia/framework/web/CWebApplication.php(282): AuthItemController->run()
#11 /data/www/wm/waimaixia/framework/web/CWebApplication.php(141): CWebApplication->runController()
#12 /data/www/wm/waimaixia/framework/base/CApplication.php(180): CWebApplication->processRequest()
#13 /data/www/wm/waimaixia/index.php(12): CWebApplication->run()
REQUEST_URI=/rights/authItem/update/name/Admin.Ticket.%252A.html
in /data/www/wm/waimaixia/protected/modules/rights/components/RAuthorizer.php (449)
in /data/www/wm/waimaixia/protected/modules/rights/components/RAuthorizer.php (83)
in /data/www/wm/waimaixia/protected/modules/rights/controllers/AuthItemController.php (326)
2016/03/29 21:10:01 [error] [exception.CHttpException.404] exception 'CHttpException' with message '要支付的订单没有找到' in /data/www/wm/waimaixia/protected/controllers/WeipayController.php:32
Stack trace:
#0 [internal function]: WeipayController->actionPay('371')
#1 /data/www/wm/waimaixia/framework/web/actions/CAction.php(108): ReflectionMethod->invokeArgs(Object(WeipayController), Array)
#2 /data/www/wm/waimaixia/framework/web/actions/CInlineAction.php(47): CAction->runWithParamsInternal(Object(WeipayController), Object(ReflectionMethod), Array)
#3 /data/www/wm/waimaixia/framework/web/CController.php(308): CInlineAction->runWithParams(Array)
#4 /data/www/wm/waimaixia/framework/web/CController.php(286): CController->runAction(Object(CInlineAction))
#5 /data/www/wm/waimaixia/framework/web/CController.php(265): CController->runActionWithFilters(Object(CInlineAction), Array)
#6 /data/www/wm/waimaixia/framework/web/CWebApplication.php(282): CController->run('pay')
#7 /data/www/wm/waimaixia/framework/web/CWebApplication.php(141): CWebApplication->runController('weipay/pay')
#8 /data/www/wm/waimaixia/framework/base/CApplication.php(180): CWebApplication->processRequest()
#9 /data/www/wm/waimaixia/index.php(12): CApplication->run()
#10 {main}
REQUEST_URI=/weipay/pay/371.html?code=021aafebe5beb7cc164433e85202fd2L&state=STATE
---
2016/03/29 22:55:28 [error] [exception.CHttpException.404] exception 'CHttpException' with message '系统无法找到请求的 "view" 动作.' in /data/www/wm/waimaixia/framework/web/CController.php:483
Stack trace:
#0 /data/www/wm/waimaixia/framework/web/CController.php(270): CController->missingAction('view')
#1 /data/www/wm/waimaixia/framework/web/CWebApplication.php(282): CController->run('view')
#2 /data/www/wm/waimaixia/framework/web/CWebApplication.php(141): CWebApplication->runController('admin/power/vie...')
#3 /data/www/wm/waimaixia/framework/base/CApplication.php(180): CWebApplication->processRequest()
#4 /data/www/wm/waimaixia/index.php(12): CApplication->run()
#5 {main}
REQUEST_URI=/admin/power/view.html
---
2016/03/29 22:55:36 [error] [exception.CHttpException.404] exception 'CHttpException' with message '无法解析请求 "admin/view"。' in /data/www/wm/waimaixia/framework/web/CWebApplication.php:286
Stack trace:
#0 /data/www/wm/waimaixia/framework/web/CWebApplication.php(141): CWebApplication->runController('admin/view')
#1 /data/www/wm/waimaixia/framework/base/CApplication.php(180): CWebApplication->processRequest()
#2 /data/www/wm/waimaixia/index.php(12): CApplication->run()
#3 {main}
REQUEST_URI=/admin/view.html
---
2016/03/29 22:55:50 [error] [exception.CHttpException.404] exception 'CHttpException' with message '无法解析请求 "view"。' in /data/www/wm/waimaixia/framework/web/CWebApplication.php:286
Stack trace:
#0 /data/www/wm/waimaixia/framework/web/CWebApplication.php(141): CWebApplication->runController('view')
#1 /data/www/wm/waimaixia/framework/base/CApplication.php(180): CWebApplication->processRequest()
#2 /data/www/wm/waimaixia/index.php(12): CApplication->run()
#3 {main}
REQUEST_URI=/view.html
---
2016/03/29 22:55:54 [error] [exception.CHttpException.404] exception 'CHttpException' with message '系统无法找到请求的 "view" 动作.' in /data/www/wm/waimaixia/framework/web/CController.php:483
Stack trace:
#0 /data/www/wm/waimaixia/framework/web/CController.php(270): CController->missingAction('view')
#1 /data/www/wm/waimaixia/framework/web/CWebApplication.php(282): CController->run('view')
#2 /data/www/wm/waimaixia/framework/web/CWebApplication.php(141): CWebApplication->runController('admin/power/vie...')
#3 /data/www/wm/waimaixia/framework/base/CApplication.php(180): CWebApplication->processRequest()
#4 /data/www/wm/waimaixia/index.php(12): CApplication->run()
#5 {main}
REQUEST_URI=/admin/power/view.html
---
